2022-05-15 22:09:06,246:INFO: device: cuda:0
2022-05-15 22:09:06,428:INFO: -------- training data process DONE!--------
2022-05-15 22:09:06,608:INFO: -------- test data process DONE!--------
2022-05-15 22:09:06,737:INFO: -------- Vocabulary Build! --------
2022-05-15 22:09:06,834:INFO: -------- Process Done! --------
2022-05-15 22:09:06,840:INFO: -------- Process Done! --------
2022-05-15 22:10:08,438:INFO: epoch: 1, train loss: 1333.604918281987
2022-05-15 22:10:12,145:INFO: epoch: 1, f1 score: 0.8369319547968262, dev loss: 539.1388753255209
2022-05-15 22:10:12,195:INFO: --------Save best model!--------
2022-05-15 22:11:08,347:INFO: epoch: 2, train loss: 430.60844219855545
2022-05-15 22:11:12,204:INFO: epoch: 2, f1 score: 0.8858761439016124, dev loss: 374.8696695963542
2022-05-15 22:11:12,253:INFO: --------Save best model!--------
2022-05-15 22:12:07,504:INFO: epoch: 3, train loss: 239.35413094286648
2022-05-15 22:12:11,237:INFO: epoch: 3, f1 score: 0.9057299500266848, dev loss: 308.5380045572917
2022-05-15 22:12:11,286:INFO: --------Save best model!--------
2022-05-15 22:13:06,411:INFO: epoch: 4, train loss: 115.68644314891887
2022-05-15 22:13:10,142:INFO: epoch: 4, f1 score: 0.916296115318837, dev loss: 314.0495198567708
2022-05-15 22:13:10,187:INFO: --------Save best model!--------
2022-05-15 22:14:06,983:INFO: epoch: 5, train loss: 64.20482831631067
2022-05-15 22:14:10,824:INFO: epoch: 5, f1 score: 0.9181446111869032, dev loss: 355.3233642578125
2022-05-15 22:14:10,875:INFO: --------Save best model!--------
2022-05-15 22:15:08,164:INFO: epoch: 6, train loss: 41.48847563761585
2022-05-15 22:15:12,308:INFO: epoch: 6, f1 score: 0.9163253364540667, dev loss: 376.521240234375
2022-05-15 22:16:09,769:INFO: epoch: 7, train loss: 23.026324209177268
2022-05-15 22:16:13,904:INFO: epoch: 7, f1 score: 0.9224318658280923, dev loss: 387.2693277994792
2022-05-15 22:16:13,956:INFO: --------Save best model!--------
2022-05-15 22:17:10,838:INFO: epoch: 8, train loss: 12.05449759285405
2022-05-15 22:17:14,615:INFO: epoch: 8, f1 score: 0.9219428850378325, dev loss: 429.9790852864583
2022-05-15 22:18:09,195:INFO: epoch: 9, train loss: 8.168770340253722
2022-05-15 22:18:12,923:INFO: epoch: 9, f1 score: 0.9209257003654081, dev loss: 449.8223063151042
2022-05-15 22:19:07,305:INFO: epoch: 10, train loss: 5.022847400521332
2022-05-15 22:19:10,876:INFO: epoch: 10, f1 score: 0.9219428850378325, dev loss: 457.4190266927083
2022-05-15 22:19:10,877:INFO: Best val f1: 0.9224318658280923
2022-05-15 22:19:10,877:INFO: Training Finished!
2022-05-15 22:19:10,992:INFO: -------- Process Done! --------
2022-05-15 22:19:11,010:INFO: --------Load model from C:\Users\fgq05\Desktop\NLPclass\BiLSTM-CRF/experiments/model_2.pth--------
2022-05-15 22:19:43,886:INFO: --------Bad Cases reserved !--------
2022-05-15 22:19:44,067:INFO: final test loss: 822.2974513319672, f1 score: 0.8617277601592336, precision:0.8565802677168336, recall: 0.8669374928141648
