2022-04-05 09:53:32,576:INFO: device: cuda:0
2022-04-05 09:53:32,583:INFO: -------- Vocabulary Loaded! --------
2022-04-05 09:53:33,527:INFO: -------- Process Done! --------
2022-04-05 09:53:33,637:INFO: -------- Process Done! --------
2022-04-05 10:01:40,437:INFO: epoch: 1, train loss: 328.8129280574286
2022-04-05 10:02:12,844:INFO: epoch: 1, f1 score: 0.9361055630756415, dev loss: 162.76038411458333
2022-04-05 10:02:12,863:INFO: --------Save best model!--------
2022-04-05 10:10:18,177:INFO: epoch: 2, train loss: 116.73137332788154
2022-04-05 10:10:50,899:INFO: epoch: 2, f1 score: 0.952435203645685, dev loss: 107.51167805989583
2022-04-05 10:10:50,918:INFO: --------Save best model!--------
2022-04-05 10:18:55,560:INFO: epoch: 3, train loss: 64.41597884270682
2022-04-05 10:19:28,349:INFO: epoch: 3, f1 score: 0.9570334710587165, dev loss: 93.82476399739583
2022-04-05 10:19:28,370:INFO: --------Save best model!--------
2022-04-05 10:27:40,609:INFO: epoch: 4, train loss: 28.534674975409438
2022-04-05 10:28:13,641:INFO: epoch: 4, f1 score: 0.9608595113231727, dev loss: 92.23006998697916
2022-04-05 10:28:13,659:INFO: --------Save best model!--------
2022-04-05 10:36:19,069:INFO: epoch: 5, train loss: 16.779632393548738
2022-04-05 10:36:51,188:INFO: epoch: 5, f1 score: 0.9619295341688343, dev loss: 102.7281982421875
2022-04-05 10:36:51,207:INFO: --------Save best model!--------
2022-04-05 10:44:55,130:INFO: epoch: 6, train loss: 12.667709853889336
2022-04-05 10:45:27,661:INFO: epoch: 6, f1 score: 0.9602500651211253, dev loss: 111.71884765625
2022-04-05 10:53:31,101:INFO: epoch: 7, train loss: 6.284325475679405
2022-04-05 10:54:04,698:INFO: epoch: 7, f1 score: 0.9632631827855285, dev loss: 118.05081380208334
2022-04-05 10:54:04,720:INFO: --------Save best model!--------
2022-04-05 11:02:15,980:INFO: epoch: 8, train loss: 3.861841843532982
2022-04-05 11:02:48,485:INFO: epoch: 8, f1 score: 0.9630015090805017, dev loss: 129.53094075520832
2022-04-05 11:10:52,260:INFO: epoch: 9, train loss: 3.407118027390384
2022-04-05 11:11:24,558:INFO: epoch: 9, f1 score: 0.9624721550784398, dev loss: 138.49471028645834
2022-04-05 11:19:23,023:INFO: epoch: 10, train loss: 2.1047127352777255
2022-04-05 11:19:55,857:INFO: epoch: 10, f1 score: 0.9639395114385421, dev loss: 142.378076171875
2022-04-05 11:19:55,878:INFO: --------Save best model!--------
2022-04-05 11:28:00,291:INFO: epoch: 11, train loss: 1.484281568739341
2022-04-05 11:28:33,149:INFO: epoch: 11, f1 score: 0.9638802889576884, dev loss: 149.28603515625
