2022-04-05 09:19:02,506:INFO: device: cuda:0
2022-04-05 09:19:02,513:INFO: -------- Vocabulary Loaded! --------
2022-04-05 09:19:03,461:INFO: -------- Process Done! --------
2022-04-05 09:19:03,574:INFO: -------- Process Done! --------
2022-04-05 09:20:20,905:INFO: epoch: 1, train loss: 20169.236094916047
2022-04-05 09:20:37,281:INFO: epoch: 1, f1 score: 0.8483705070154844, dev loss: 8441.796875
2022-04-05 09:20:37,300:INFO: --------Save best model!--------
2022-04-05 09:21:50,027:INFO: epoch: 2, train loss: 7257.345455340485
2022-04-05 09:22:05,399:INFO: epoch: 2, f1 score: 0.9078379174990525, dev loss: 5019.57958984375
2022-04-05 09:22:05,420:INFO: --------Save best model!--------
2022-04-05 09:23:17,873:INFO: epoch: 3, train loss: 4681.850123163479
2022-04-05 09:23:34,064:INFO: epoch: 3, f1 score: 0.9295861962080901, dev loss: 3848.856201171875
2022-04-05 09:23:34,083:INFO: --------Save best model!--------
2022-04-05 09:24:47,227:INFO: epoch: 4, train loss: 3400.4132535564368
2022-04-05 09:25:03,125:INFO: epoch: 4, f1 score: 0.9383804305945814, dev loss: 3418.54736328125
2022-04-05 09:25:03,144:INFO: --------Save best model!--------
2022-04-05 09:26:15,007:INFO: epoch: 5, train loss: 2847.732556698927
2022-04-05 09:26:30,829:INFO: epoch: 5, f1 score: 0.9436388353914127, dev loss: 3232.13818359375
2022-04-05 09:26:30,850:INFO: --------Save best model!--------
2022-04-05 09:27:43,536:INFO: epoch: 6, train loss: 2435.4595965485073
2022-04-05 09:28:00,013:INFO: epoch: 6, f1 score: 0.946614116804013, dev loss: 3067.002197265625
2022-04-05 09:28:00,032:INFO: --------Save best model!--------
2022-04-05 09:29:13,032:INFO: epoch: 7, train loss: 1991.780517578125
2022-04-05 09:29:29,336:INFO: epoch: 7, f1 score: 0.9473441217346241, dev loss: 3010.0634765625
2022-04-05 09:29:29,354:INFO: --------Save best model!--------
2022-04-05 09:30:41,968:INFO: epoch: 8, train loss: 1794.0106838852612
2022-04-05 09:30:57,071:INFO: epoch: 8, f1 score: 0.9492439383083827, dev loss: 3022.20458984375
2022-04-05 09:30:57,090:INFO: --------Save best model!--------
2022-04-05 09:32:08,932:INFO: epoch: 9, train loss: 1626.5223589085822
2022-04-05 09:32:25,190:INFO: epoch: 9, f1 score: 0.9491231705249675, dev loss: 3022.53271484375
2022-04-05 09:33:39,260:INFO: epoch: 10, train loss: 1433.6822947032415
2022-04-05 09:33:55,190:INFO: epoch: 10, f1 score: 0.9498995538872174, dev loss: 3018.20361328125
2022-04-05 09:33:55,209:INFO: --------Save best model!--------
2022-04-05 09:35:07,957:INFO: epoch: 11, train loss: 1340.5947666452892
2022-04-05 09:35:24,630:INFO: epoch: 11, f1 score: 0.9505465215565839, dev loss: 3037.997802734375
2022-04-05 09:35:24,650:INFO: --------Save best model!--------
2022-04-05 09:36:39,794:INFO: epoch: 12, train loss: 1265.7280883789062
2022-04-05 09:36:56,631:INFO: epoch: 12, f1 score: 0.950872559192529, dev loss: 3068.768798828125
2022-04-05 09:36:56,650:INFO: --------Save best model!--------
2022-04-05 09:38:13,584:INFO: epoch: 13, train loss: 1174.0765891003964
2022-04-05 09:38:29,517:INFO: epoch: 13, f1 score: 0.9503052342013038, dev loss: 3085.905517578125
2022-04-05 09:39:43,218:INFO: epoch: 14, train loss: 1131.9028857786263
2022-04-05 09:39:59,363:INFO: epoch: 14, f1 score: 0.950798179631682, dev loss: 3102.910400390625
2022-04-05 09:41:12,959:INFO: epoch: 15, train loss: 1106.3029730497901
2022-04-05 09:41:29,542:INFO: epoch: 15, f1 score: 0.9510849577050385, dev loss: 3116.582275390625
2022-04-05 09:41:29,562:INFO: --------Save best model!--------
2022-04-05 09:42:43,164:INFO: epoch: 16, train loss: 1060.1707836549674
2022-04-05 09:42:59,264:INFO: epoch: 16, f1 score: 0.9513475772857864, dev loss: 3124.37060546875
2022-04-05 09:42:59,284:INFO: --------Save best model!--------
2022-04-05 09:44:13,035:INFO: epoch: 17, train loss: 1037.7913362873135
2022-04-05 09:44:29,821:INFO: epoch: 17, f1 score: 0.9513200464067761, dev loss: 3146.2900390625
2022-04-05 09:45:45,268:INFO: epoch: 18, train loss: 1017.0814026789878
2022-04-05 09:46:01,231:INFO: epoch: 18, f1 score: 0.9509080710619223, dev loss: 3152.52197265625
2022-04-05 09:47:14,994:INFO: epoch: 19, train loss: 1002.4991382200327
2022-04-05 09:47:31,611:INFO: epoch: 19, f1 score: 0.9512391746064671, dev loss: 3149.086181640625
2022-04-05 09:48:43,417:INFO: epoch: 20, train loss: 986.635159165112
2022-04-05 09:48:58,972:INFO: epoch: 20, f1 score: 0.9511116558864019, dev loss: 3154.762451171875
2022-04-05 09:50:13,090:INFO: epoch: 21, train loss: 982.0904941843517
2022-04-05 09:50:29,671:INFO: epoch: 21, f1 score: 0.9510074771113647, dev loss: 3160.460205078125
2022-04-05 09:50:29,671:INFO: Best val f1: 0.9513475772857864
2022-04-05 09:50:29,672:INFO: Training Finished!
2022-04-05 09:50:29,771:INFO: -------- Process Done! --------
2022-04-05 09:50:29,781:INFO: --------Load model from F:\研究生课件\自然语言处理\作业\WordSeg\BiLSTM-CRF/experiments/model_5.pth--------
2022-04-05 09:50:42,525:INFO: --------Bad Cases reserved !--------
2022-04-05 09:50:42,668:INFO: final test loss: 6461.1728515625, f1 score: 0.9135933322091876, precision:0.9188123225412577, recall: 0.9084332962863604
